#! /usr/bin/vvp
:ivl_version "10.3 (stable)";
:ivl_delay_selection "TYPICAL";
:vpi_time_precision + 0;
:vpi_module "system";
:vpi_module "vhdl_sys";
:vpi_module "v2005_math";
:vpi_module "va_math";
S_0x56035dbaa400 .scope module, "div3_tb" "div3_tb" 2 4;
 .timescale 0 0;
v0x56035dbbf270_0 .net "A", 0 0, v0x56035dbbede0_0;  1 drivers
v0x56035dbbf360_0 .net "B", 0 0, v0x56035dbbeeb0_0;  1 drivers
v0x56035dbbf470_0 .net "C", 0 0, v0x56035dbbef80_0;  1 drivers
v0x56035dbbf560_0 .net "D", 0 0, v0x56035dbbf080_0;  1 drivers
v0x56035dbbf650_0 .net "Y", 0 0, L_0x56035dbc00c0;  1 drivers
S_0x56035dbaa580 .scope module, "dut" "div3" 2 13, 3 2 0, S_0x56035dbaa400;
 .timescale 0 0;
    .port_info 0 /INPUT 1 "A"
    .port_info 1 /INPUT 1 "B"
    .port_info 2 /INPUT 1 "C"
    .port_info 3 /INPUT 1 "D"
    .port_info 4 /OUTPUT 1 "Y"
L_0x56035dbbf790 .functor NOT 1, v0x56035dbbede0_0, C4<0>, C4<0>, C4<0>;
L_0x56035dbbf800 .functor NOT 1, v0x56035dbbeeb0_0, C4<0>, C4<0>, C4<0>;
L_0x56035dbbf870 .functor NOT 1, v0x56035dbbf080_0, C4<0>, C4<0>, C4<0>;
L_0x56035dbbf8e0 .functor AND 1, L_0x56035dbbf790, L_0x56035dbbf800, C4<1>, C4<1>;
L_0x56035dbbfa20 .functor XNOR 1, v0x56035dbbef80_0, v0x56035dbbf080_0, C4<0>, C4<0>;
L_0x56035dbbfa90 .functor AND 1, L_0x56035dbbf8e0, L_0x56035dbbfa20, C4<1>, C4<1>;
L_0x56035dbbfb90 .functor AND 1, v0x56035dbbeeb0_0, L_0x56035dbbf870, C4<1>, C4<1>;
L_0x56035dbbfc00 .functor XOR 1, v0x56035dbbede0_0, v0x56035dbbef80_0, C4<0>, C4<0>;
L_0x56035dbbfde0 .functor AND 1, L_0x56035dbbfb90, L_0x56035dbbfc00, C4<1>, C4<1>;
L_0x56035dbbfe50 .functor AND 1, v0x56035dbbede0_0, v0x56035dbbf080_0, C4<1>, C4<1>;
L_0x56035dbbff20 .functor XNOR 1, v0x56035dbbeeb0_0, v0x56035dbbef80_0, C4<0>, C4<0>;
L_0x56035dbbff90 .functor AND 1, L_0x56035dbbfe50, L_0x56035dbbff20, C4<1>, C4<1>;
L_0x56035dbc00c0 .functor OR 1, L_0x56035dbbfa90, L_0x56035dbbfde0, L_0x56035dbbff90, C4<0>;
v0x56035dba3ba0_0 .net "A", 0 0, v0x56035dbbede0_0;  alias, 1 drivers
v0x56035dbbdec0_0 .net "A_and_D", 0 0, L_0x56035dbbfe50;  1 drivers
v0x56035dbbdf80_0 .net "A_xor_C", 0 0, L_0x56035dbbfc00;  1 drivers
v0x56035dbbe050_0 .net "B", 0 0, v0x56035dbbeeb0_0;  alias, 1 drivers
v0x56035dbbe110_0 .net "B_and_notD", 0 0, L_0x56035dbbfb90;  1 drivers
v0x56035dbbe220_0 .net "B_xnor_C", 0 0, L_0x56035dbbff20;  1 drivers
v0x56035dbbe2e0_0 .net "C", 0 0, v0x56035dbbef80_0;  alias, 1 drivers
v0x56035dbbe3a0_0 .net "C_xnor_D", 0 0, L_0x56035dbbfa20;  1 drivers
v0x56035dbbe460_0 .net "D", 0 0, v0x56035dbbf080_0;  alias, 1 drivers
v0x56035dbbe520_0 .net "Y", 0 0, L_0x56035dbc00c0;  alias, 1 drivers
v0x56035dbbe5e0_0 .net "notA", 0 0, L_0x56035dbbf790;  1 drivers
v0x56035dbbe6a0_0 .net "notA_and_notB", 0 0, L_0x56035dbbf8e0;  1 drivers
v0x56035dbbe760_0 .net "notB", 0 0, L_0x56035dbbf800;  1 drivers
v0x56035dbbe820_0 .net "notD", 0 0, L_0x56035dbbf870;  1 drivers
v0x56035dbbe8e0_0 .net "term_1", 0 0, L_0x56035dbbfa90;  1 drivers
v0x56035dbbe9a0_0 .net "term_2", 0 0, L_0x56035dbbfde0;  1 drivers
v0x56035dbbea60_0 .net "term_3", 0 0, L_0x56035dbbff90;  1 drivers
S_0x56035dbbebc0 .scope module, "tester" "div3_tester" 2 26, 4 1 0, S_0x56035dbaa400;
 .timescale 0 0;
    .port_info 0 /OUTPUT 1 "A"
    .port_info 1 /OUTPUT 1 "B"
    .port_info 2 /OUTPUT 1 "C"
    .port_info 3 /OUTPUT 1 "D"
    .port_info 4 /INPUT 1 "Y"
v0x56035dbbede0_0 .var "A", 0 0;
v0x56035dbbeeb0_0 .var "B", 0 0;
v0x56035dbbef80_0 .var "C", 0 0;
v0x56035dbbf080_0 .var "D", 0 0;
v0x56035dbbf150_0 .net "Y", 0 0, L_0x56035dbc00c0;  alias, 1 drivers
    .scope S_0x56035dbbebc0;
T_0 ;
    %vpi_call 4 9 "$dumpfile", "simulacion_div3.vcd" {0 0 0};
    %vpi_call 4 10 "$dumpvars" {0 0 0};
    %pushi/vec4 0, 0, 4;
    %split/vec4 1;
    %store/vec4 v0x56035dbbf080_0, 0, 1;
    %split/vec4 1;
    %store/vec4 v0x56035dbbef80_0, 0, 1;
    %split/vec4 1;
    %store/vec4 v0x56035dbbeeb0_0, 0, 1;
    %store/vec4 v0x56035dbbede0_0, 0, 1;
    %delay 10, 0;
    %pushi/vec4 1, 0, 4;
    %split/vec4 1;
    %store/vec4 v0x56035dbbf080_0, 0, 1;
    %split/vec4 1;
    %store/vec4 v0x56035dbbef80_0, 0, 1;
    %split/vec4 1;
    %store/vec4 v0x56035dbbeeb0_0, 0, 1;
    %store/vec4 v0x56035dbbede0_0, 0, 1;
    %delay 10, 0;
    %pushi/vec4 2, 0, 4;
    %split/vec4 1;
    %store/vec4 v0x56035dbbf080_0, 0, 1;
    %split/vec4 1;
    %store/vec4 v0x56035dbbef80_0, 0, 1;
    %split/vec4 1;
    %store/vec4 v0x56035dbbeeb0_0, 0, 1;
    %store/vec4 v0x56035dbbede0_0, 0, 1;
    %delay 10, 0;
    %pushi/vec4 3, 0, 4;
    %split/vec4 1;
    %store/vec4 v0x56035dbbf080_0, 0, 1;
    %split/vec4 1;
    %store/vec4 v0x56035dbbef80_0, 0, 1;
    %split/vec4 1;
    %store/vec4 v0x56035dbbeeb0_0, 0, 1;
    %store/vec4 v0x56035dbbede0_0, 0, 1;
    %delay 10, 0;
    %pushi/vec4 4, 0, 4;
    %split/vec4 1;
    %store/vec4 v0x56035dbbf080_0, 0, 1;
    %split/vec4 1;
    %store/vec4 v0x56035dbbef80_0, 0, 1;
    %split/vec4 1;
    %store/vec4 v0x56035dbbeeb0_0, 0, 1;
    %store/vec4 v0x56035dbbede0_0, 0, 1;
    %delay 10, 0;
    %pushi/vec4 5, 0, 4;
    %split/vec4 1;
    %store/vec4 v0x56035dbbf080_0, 0, 1;
    %split/vec4 1;
    %store/vec4 v0x56035dbbef80_0, 0, 1;
    %split/vec4 1;
    %store/vec4 v0x56035dbbeeb0_0, 0, 1;
    %store/vec4 v0x56035dbbede0_0, 0, 1;
    %delay 10, 0;
    %pushi/vec4 6, 0, 4;
    %split/vec4 1;
    %store/vec4 v0x56035dbbf080_0, 0, 1;
    %split/vec4 1;
    %store/vec4 v0x56035dbbef80_0, 0, 1;
    %split/vec4 1;
    %store/vec4 v0x56035dbbeeb0_0, 0, 1;
    %store/vec4 v0x56035dbbede0_0, 0, 1;
    %delay 10, 0;
    %pushi/vec4 7, 0, 4;
    %split/vec4 1;
    %store/vec4 v0x56035dbbf080_0, 0, 1;
    %split/vec4 1;
    %store/vec4 v0x56035dbbef80_0, 0, 1;
    %split/vec4 1;
    %store/vec4 v0x56035dbbeeb0_0, 0, 1;
    %store/vec4 v0x56035dbbede0_0, 0, 1;
    %delay 10, 0;
    %pushi/vec4 8, 0, 4;
    %split/vec4 1;
    %store/vec4 v0x56035dbbf080_0, 0, 1;
    %split/vec4 1;
    %store/vec4 v0x56035dbbef80_0, 0, 1;
    %split/vec4 1;
    %store/vec4 v0x56035dbbeeb0_0, 0, 1;
    %store/vec4 v0x56035dbbede0_0, 0, 1;
    %delay 10, 0;
    %pushi/vec4 9, 0, 4;
    %split/vec4 1;
    %store/vec4 v0x56035dbbf080_0, 0, 1;
    %split/vec4 1;
    %store/vec4 v0x56035dbbef80_0, 0, 1;
    %split/vec4 1;
    %store/vec4 v0x56035dbbeeb0_0, 0, 1;
    %store/vec4 v0x56035dbbede0_0, 0, 1;
    %delay 10, 0;
    %pushi/vec4 10, 0, 4;
    %split/vec4 1;
    %store/vec4 v0x56035dbbf080_0, 0, 1;
    %split/vec4 1;
    %store/vec4 v0x56035dbbef80_0, 0, 1;
    %split/vec4 1;
    %store/vec4 v0x56035dbbeeb0_0, 0, 1;
    %store/vec4 v0x56035dbbede0_0, 0, 1;
    %delay 10, 0;
    %pushi/vec4 11, 0, 4;
    %split/vec4 1;
    %store/vec4 v0x56035dbbf080_0, 0, 1;
    %split/vec4 1;
    %store/vec4 v0x56035dbbef80_0, 0, 1;
    %split/vec4 1;
    %store/vec4 v0x56035dbbeeb0_0, 0, 1;
    %store/vec4 v0x56035dbbede0_0, 0, 1;
    %delay 10, 0;
    %pushi/vec4 12, 0, 4;
    %split/vec4 1;
    %store/vec4 v0x56035dbbf080_0, 0, 1;
    %split/vec4 1;
    %store/vec4 v0x56035dbbef80_0, 0, 1;
    %split/vec4 1;
    %store/vec4 v0x56035dbbeeb0_0, 0, 1;
    %store/vec4 v0x56035dbbede0_0, 0, 1;
    %delay 10, 0;
    %pushi/vec4 13, 0, 4;
    %split/vec4 1;
    %store/vec4 v0x56035dbbf080_0, 0, 1;
    %split/vec4 1;
    %store/vec4 v0x56035dbbef80_0, 0, 1;
    %split/vec4 1;
    %store/vec4 v0x56035dbbeeb0_0, 0, 1;
    %store/vec4 v0x56035dbbede0_0, 0, 1;
    %delay 10, 0;
    %pushi/vec4 14, 0, 4;
    %split/vec4 1;
    %store/vec4 v0x56035dbbf080_0, 0, 1;
    %split/vec4 1;
    %store/vec4 v0x56035dbbef80_0, 0, 1;
    %split/vec4 1;
    %store/vec4 v0x56035dbbeeb0_0, 0, 1;
    %store/vec4 v0x56035dbbede0_0, 0, 1;
    %delay 10, 0;
    %pushi/vec4 15, 0, 4;
    %split/vec4 1;
    %store/vec4 v0x56035dbbf080_0, 0, 1;
    %split/vec4 1;
    %store/vec4 v0x56035dbbef80_0, 0, 1;
    %split/vec4 1;
    %store/vec4 v0x56035dbbeeb0_0, 0, 1;
    %store/vec4 v0x56035dbbede0_0, 0, 1;
    %delay 10, 0;
    %vpi_call 4 27 "$finish" {0 0 0};
    %end;
    .thread T_0;
# The file index is used to find the file name in the following table.
:file_names 5;
    "N/A";
    "<interactive>";
    "div3_tb.v";
    "./div3.v";
    "./div3_tester.v";
